<?xml version="1.0" encoding="UTF-8"?>
<!-- Generated by org.testng.reporters.JUnitReportReporter -->
<testsuite hostname="selenium22" failures="0" tests="3" name="TestScript.Artical_Test_Main" time="16.882" errors="0" timestamp="2024-12-21T15:57:47 IST" skipped="0">
  <testcase classname="TestScript.Artical_Test_Main" name="loginTest" time="1.790"/>
  <system-out/>
  <testcase classname="TestScript.Artical_Test_Main" name="new_Articale" time="6.193"/>
  <system-out/>
  <testcase classname="TestScript.Artical_Test_Main" name="edit_article" time="8.899"/>
  <system-out/>
</testsuite> <!-- TestScript.Artical_Test_Main -->
